{"C:\\Users\\josec\\OneDrive\\Desktop\\Clases\\IDGS10-1\\INTEGRADORA\\FINAL\\NutriU_Movil\\src\\services\\authService.ts": {"path":"C:\\Users\\josec\\OneDrive\\Desktop\\Clases\\IDGS10-1\\INTEGRADORA\\FINAL\\NutriU_Movil\\src\\services\\authService.ts","statementMap":{"0":{"start":{"line":3,"column":27},"end":{"line":36,"column":1}},"1":{"start":{"line":6,"column":28},"end":{"line":10,"column":15}},"2":{"start":{"line":12,"column":4},"end":{"line":12,"column":37}},"3":{"start":{"line":17,"column":28},"end":{"line":21,"column":15}},"4":{"start":{"line":23,"column":4},"end":{"line":23,"column":38}},"5":{"start":{"line":28,"column":28},"end":{"line":32,"column":15}},"6":{"start":{"line":34,"column":4},"end":{"line":34,"column":57}}},"fnMap":{"0":{"name":"(anonymous_0)","decl":{"start":{"line":5,"column":19},"end":{"line":5,"column":20}},"loc":{"start":{"line":5,"column":44},"end":{"line":13,"column":3}},"line":5},"1":{"name":"(anonymous_1)","decl":{"start":{"line":16,"column":15},"end":{"line":16,"column":16}},"loc":{"start":{"line":16,"column":40},"end":{"line":24,"column":3}},"line":16},"2":{"name":"(anonymous_2)","decl":{"start":{"line":27,"column":20},"end":{"line":27,"column":21}},"loc":{"start":{"line":27,"column":45},"end":{"line":35,"column":3}},"line":27}},"branchMap":{},"s":{"0":0,"1":0,"2":0,"3":0,"4":0,"5":0,"6":0},"f":{"0":0,"1":0,"2":0},"b":{}}
,"C:\\Users\\josec\\OneDrive\\Desktop\\Clases\\IDGS10-1\\INTEGRADORA\\FINAL\\NutriU_Movil\\src\\services\\foodService.ts": {"path":"C:\\Users\\josec\\OneDrive\\Desktop\\Clases\\IDGS10-1\\INTEGRADORA\\FINAL\\NutriU_Movil\\src\\services\\foodService.ts","statementMap":{"0":{"start":{"line":3,"column":27},"end":{"line":67,"column":1}},"1":{"start":{"line":14,"column":28},"end":{"line":21,"column":15}},"2":{"start":{"line":23,"column":4},"end":{"line":25,"column":5}},"3":{"start":{"line":24,"column":6},"end":{"line":24,"column":59}},"4":{"start":{"line":27,"column":4},"end":{"line":27,"column":27}},"5":{"start":{"line":32,"column":16},"end":{"line":39,"column":43}},"6":{"start":{"line":41,"column":4},"end":{"line":43,"column":5}},"7":{"start":{"line":42,"column":6},"end":{"line":42,"column":66}},"8":{"start":{"line":45,"column":28},"end":{"line":45,"column":39}},"9":{"start":{"line":47,"column":4},"end":{"line":49,"column":5}},"10":{"start":{"line":48,"column":6},"end":{"line":48,"column":58}},"11":{"start":{"line":51,"column":4},"end":{"line":51,"column":27}},"12":{"start":{"line":56,"column":28},"end":{"line":59,"column":22}},"13":{"start":{"line":61,"column":4},"end":{"line":63,"column":5}},"14":{"start":{"line":62,"column":6},"end":{"line":62,"column":58}},"15":{"start":{"line":65,"column":4},"end":{"line":65,"column":27}}},"fnMap":{"0":{"name":"(anonymous_0)","decl":{"start":{"line":5,"column":16},"end":{"line":5,"column":17}},"loc":{"start":{"line":13,"column":8},"end":{"line":28,"column":3}},"line":13},"1":{"name":"(anonymous_1)","decl":{"start":{"line":31,"column":18},"end":{"line":31,"column":19}},"loc":{"start":{"line":31,"column":82},"end":{"line":52,"column":3}},"line":31},"2":{"name":"(anonymous_2)","decl":{"start":{"line":55,"column":21},"end":{"line":55,"column":22}},"loc":{"start":{"line":55,"column":33},"end":{"line":66,"column":3}},"line":55}},"branchMap":{"0":{"loc":{"start":{"line":23,"column":4},"end":{"line":25,"column":5}},"type":"if","locations":[{"start":{"line":23,"column":4},"end":{"line":25,"column":5}},{"start":{},"end":{}}],"line":23},"1":{"loc":{"start":{"line":41,"column":4},"end":{"line":43,"column":5}},"type":"if","locations":[{"start":{"line":41,"column":4},"end":{"line":43,"column":5}},{"start":{},"end":{}}],"line":41},"2":{"loc":{"start":{"line":41,"column":8},"end":{"line":41,"column":28}},"type":"binary-expr","locations":[{"start":{"line":41,"column":8},"end":{"line":41,"column":17}},{"start":{"line":41,"column":21},"end":{"line":41,"column":28}}],"line":41},"3":{"loc":{"start":{"line":47,"column":4},"end":{"line":49,"column":5}},"type":"if","locations":[{"start":{"line":47,"column":4},"end":{"line":49,"column":5}},{"start":{},"end":{}}],"line":47},"4":{"loc":{"start":{"line":61,"column":4},"end":{"line":63,"column":5}},"type":"if","locations":[{"start":{"line":61,"column":4},"end":{"line":63,"column":5}},{"start":{},"end":{}}],"line":61}},"s":{"0":1,"1":1,"2":1,"3":0,"4":1,"5":0,"6":0,"7":0,"8":0,"9":0,"10":0,"11":0,"12":1,"13":1,"14":0,"15":1},"f":{"0":1,"1":0,"2":1},"b":{"0":[0,1],"1":[0,0],"2":[0,0],"3":[0,0],"4":[0,1]},"_coverageSchema":"1a1c01bbd47fc00a2c39e90264f33305004495a9","hash":"407973d2e37f0b673240fbde0842e54c0191e786"}
,"C:\\Users\\josec\\OneDrive\\Desktop\\Clases\\IDGS10-1\\INTEGRADORA\\FINAL\\NutriU_Movil\\src\\services\\notificationService.ts": {"path":"C:\\Users\\josec\\OneDrive\\Desktop\\Clases\\IDGS10-1\\INTEGRADORA\\FINAL\\NutriU_Movil\\src\\services\\notificationService.ts","statementMap":{"0":{"start":{"line":8,"column":2},"end":{"line":9,"column":59}},"1":{"start":{"line":14,"column":0},"end":{"line":22,"column":3}},"2":{"start":{"line":15,"column":35},"end":{"line":21,"column":3}},"3":{"start":{"line":32,"column":2},"end":{"line":127,"column":3}},"4":{"start":{"line":34,"column":4},"end":{"line":39,"column":5}},"5":{"start":{"line":35,"column":6},"end":{"line":37,"column":8}},"6":{"start":{"line":38,"column":6},"end":{"line":38,"column":18}},"7":{"start":{"line":43,"column":6},"end":{"line":43,"column":47}},"8":{"start":{"line":44,"column":22},"end":{"line":44,"column":36}},"9":{"start":{"line":47,"column":4},"end":{"line":50,"column":5}},"10":{"start":{"line":48,"column":25},"end":{"line":48,"column":70}},"11":{"start":{"line":49,"column":6},"end":{"line":49,"column":27}},"12":{"start":{"line":52,"column":4},"end":{"line":55,"column":5}},"13":{"start":{"line":53,"column":6},"end":{"line":53,"column":64}},"14":{"start":{"line":54,"column":6},"end":{"line":54,"column":18}},"15":{"start":{"line":57,"column":22},"end":{"line":57,"column":65}},"16":{"start":{"line":58,"column":4},"end":{"line":63,"column":5}},"17":{"start":{"line":59,"column":6},"end":{"line":61,"column":8}},"18":{"start":{"line":62,"column":6},"end":{"line":62,"column":18}},"19":{"start":{"line":66,"column":22},"end":{"line":66,"column":78}},"20":{"start":{"line":68,"column":18},"end":{"line":68,"column":32}},"21":{"start":{"line":70,"column":4},"end":{"line":73,"column":5}},"22":{"start":{"line":71,"column":6},"end":{"line":71,"column":58}},"23":{"start":{"line":72,"column":6},"end":{"line":72,"column":18}},"24":{"start":{"line":76,"column":21},"end":{"line":89,"column":5}},"25":{"start":{"line":91,"column":4},"end":{"line":97,"column":5}},"26":{"start":{"line":92,"column":6},"end":{"line":95,"column":8}},"27":{"start":{"line":96,"column":6},"end":{"line":96,"column":18}},"28":{"start":{"line":99,"column":19},"end":{"line":99,"column":40}},"29":{"start":{"line":100,"column":4},"end":{"line":100,"column":65}},"30":{"start":{"line":103,"column":4},"end":{"line":111,"column":5}},"31":{"start":{"line":104,"column":6},"end":{"line":110,"column":9}},"32":{"start":{"line":113,"column":4},"end":{"line":113,"column":17}},"33":{"start":{"line":115,"column":20},"end":{"line":115,"column":74}},"34":{"start":{"line":116,"column":4},"end":{"line":124,"column":5}},"35":{"start":{"line":120,"column":6},"end":{"line":122,"column":8}},"36":{"start":{"line":123,"column":6},"end":{"line":123,"column":18}},"37":{"start":{"line":125,"column":4},"end":{"line":125,"column":69}},"38":{"start":{"line":126,"column":4},"end":{"line":126,"column":16}},"39":{"start":{"line":139,"column":2},"end":{"line":153,"column":3}},"40":{"start":{"line":140,"column":4},"end":{"line":149,"column":7}},"41":{"start":{"line":150,"column":4},"end":{"line":150,"column":59}},"42":{"start":{"line":152,"column":4},"end":{"line":152,"column":63}},"43":{"start":{"line":164,"column":2},"end":{"line":164,"column":65}},"44":{"start":{"line":175,"column":2},"end":{"line":175,"column":73}},"45":{"start":{"line":182,"column":2},"end":{"line":182,"column":65}},"46":{"start":{"line":189,"column":2},"end":{"line":189,"column":61}},"47":{"start":{"line":196,"column":2},"end":{"line":196,"column":44}}},"fnMap":{"0":{"name":"(anonymous_0)","decl":{"start":{"line":15,"column":22},"end":{"line":15,"column":23}},"loc":{"start":{"line":15,"column":35},"end":{"line":21,"column":3}},"line":15},"1":{"name":"registerForPushNotifications","decl":{"start":{"line":29,"column":22},"end":{"line":29,"column":50}},"loc":{"start":{"line":31,"column":26},"end":{"line":128,"column":1}},"line":31},"2":{"name":"unregisterPushToken","decl":{"start":{"line":135,"column":22},"end":{"line":135,"column":41}},"loc":{"start":{"line":138,"column":17},"end":{"line":154,"column":1}},"line":138},"3":{"name":"addNotificationReceivedListener","decl":{"start":{"line":161,"column":16},"end":{"line":161,"column":47}},"loc":{"start":{"line":163,"column":2},"end":{"line":165,"column":1}},"line":163},"4":{"name":"addNotificationResponseListener","decl":{"start":{"line":172,"column":16},"end":{"line":172,"column":47}},"loc":{"start":{"line":174,"column":2},"end":{"line":176,"column":1}},"line":174},"5":{"name":"getScheduledNotifications","decl":{"start":{"line":181,"column":22},"end":{"line":181,"column":47}},"loc":{"start":{"line":181,"column":50},"end":{"line":183,"column":1}},"line":181},"6":{"name":"cancelAllNotifications","decl":{"start":{"line":188,"column":22},"end":{"line":188,"column":44}},"loc":{"start":{"line":188,"column":47},"end":{"line":190,"column":1}},"line":188},"7":{"name":"clearBadge","decl":{"start":{"line":195,"column":22},"end":{"line":195,"column":32}},"loc":{"start":{"line":195,"column":35},"end":{"line":197,"column":1}},"line":195}},"branchMap":{"0":{"loc":{"start":{"line":8,"column":2},"end":{"line":9,"column":59}},"type":"binary-expr","locations":[{"start":{"line":8,"column":2},"end":{"line":8,"column":37}},{"start":{"line":9,"column":2},"end":{"line":9,"column":59}}],"line":8},"1":{"loc":{"start":{"line":34,"column":4},"end":{"line":39,"column":5}},"type":"if","locations":[{"start":{"line":34,"column":4},"end":{"line":39,"column":5}},{"start":{},"end":{}}],"line":34},"2":{"loc":{"start":{"line":47,"column":4},"end":{"line":50,"column":5}},"type":"if","locations":[{"start":{"line":47,"column":4},"end":{"line":50,"column":5}},{"start":{},"end":{}}],"line":47},"3":{"loc":{"start":{"line":52,"column":4},"end":{"line":55,"column":5}},"type":"if","locations":[{"start":{"line":52,"column":4},"end":{"line":55,"column":5}},{"start":{},"end":{}}],"line":52},"4":{"loc":{"start":{"line":58,"column":4},"end":{"line":63,"column":5}},"type":"if","locations":[{"start":{"line":58,"column":4},"end":{"line":63,"column":5}},{"start":{},"end":{}}],"line":58},"5":{"loc":{"start":{"line":70,"column":4},"end":{"line":73,"column":5}},"type":"if","locations":[{"start":{"line":70,"column":4},"end":{"line":73,"column":5}},{"start":{},"end":{}}],"line":70},"6":{"loc":{"start":{"line":91,"column":4},"end":{"line":97,"column":5}},"type":"if","locations":[{"start":{"line":91,"column":4},"end":{"line":97,"column":5}},{"start":{},"end":{}}],"line":91},"7":{"loc":{"start":{"line":103,"column":4},"end":{"line":111,"column":5}},"type":"if","locations":[{"start":{"line":103,"column":4},"end":{"line":111,"column":5}},{"start":{},"end":{}}],"line":103},"8":{"loc":{"start":{"line":115,"column":20},"end":{"line":115,"column":74}},"type":"cond-expr","locations":[{"start":{"line":115,"column":45},"end":{"line":115,"column":58}},{"start":{"line":115,"column":61},"end":{"line":115,"column":74}}],"line":115},"9":{"loc":{"start":{"line":116,"column":4},"end":{"line":124,"column":5}},"type":"if","locations":[{"start":{"line":116,"column":4},"end":{"line":124,"column":5}},{"start":{},"end":{}}],"line":116},"10":{"loc":{"start":{"line":117,"column":6},"end":{"line":118,"column":56}},"type":"binary-expr","locations":[{"start":{"line":117,"column":6},"end":{"line":117,"column":31}},{"start":{"line":118,"column":6},"end":{"line":118,"column":56}}],"line":117}},"s":{"0":0,"1":0,"2":0,"3":0,"4":0,"5":0,"6":0,"7":0,"8":0,"9":0,"10":0,"11":0,"12":0,"13":0,"14":0,"15":0,"16":0,"17":0,"18":0,"19":0,"20":0,"21":0,"22":0,"23":0,"24":0,"25":0,"26":0,"27":0,"28":0,"29":0,"30":0,"31":0,"32":0,"33":0,"34":0,"35":0,"36":0,"37":0,"38":0,"39":0,"40":0,"41":0,"42":0,"43":0,"44":0,"45":0,"46":0,"47":0},"f":{"0":0,"1":0,"2":0,"3":0,"4":0,"5":0,"6":0,"7":0},"b":{"0":[0,0],"1":[0,0],"2":[0,0],"3":[0,0],"4":[0,0],"5":[0,0],"6":[0,0],"7":[0,0],"8":[0,0],"9":[0,0],"10":[0,0]}}
,"C:\\Users\\josec\\OneDrive\\Desktop\\Clases\\IDGS10-1\\INTEGRADORA\\FINAL\\NutriU_Movil\\src\\services\\patientPlanService.ts": {"path":"C:\\Users\\josec\\OneDrive\\Desktop\\Clases\\IDGS10-1\\INTEGRADORA\\FINAL\\NutriU_Movil\\src\\services\\patientPlanService.ts","statementMap":{"0":{"start":{"line":3,"column":34},"end":{"line":37,"column":1}},"1":{"start":{"line":5,"column":4},"end":{"line":7,"column":5}},"2":{"start":{"line":6,"column":6},"end":{"line":6,"column":66}},"3":{"start":{"line":9,"column":34},"end":{"line":13,"column":25}},"4":{"start":{"line":15,"column":4},"end":{"line":20,"column":5}},"5":{"start":{"line":16,"column":6},"end":{"line":19,"column":8}},"6":{"start":{"line":22,"column":35},"end":{"line":26,"column":25}},"7":{"start":{"line":28,"column":4},"end":{"line":33,"column":5}},"8":{"start":{"line":29,"column":6},"end":{"line":32,"column":8}},"9":{"start":{"line":35,"column":4},"end":{"line":35,"column":29}}},"fnMap":{"0":{"name":"(anonymous_0)","decl":{"start":{"line":4,"column":20},"end":{"line":4,"column":21}},"loc":{"start":{"line":4,"column":51},"end":{"line":36,"column":3}},"line":4}},"branchMap":{"0":{"loc":{"start":{"line":5,"column":4},"end":{"line":7,"column":5}},"type":"if","locations":[{"start":{"line":5,"column":4},"end":{"line":7,"column":5}},{"start":{},"end":{}}],"line":5},"1":{"loc":{"start":{"line":5,"column":8},"end":{"line":5,"column":49}},"type":"binary-expr","locations":[{"start":{"line":5,"column":8},"end":{"line":5,"column":20}},{"start":{"line":5,"column":24},"end":{"line":5,"column":49}}],"line":5},"2":{"loc":{"start":{"line":15,"column":4},"end":{"line":20,"column":5}},"type":"if","locations":[{"start":{"line":15,"column":4},"end":{"line":20,"column":5}},{"start":{},"end":{}}],"line":15},"3":{"loc":{"start":{"line":18,"column":15},"end":{"line":18,"column":76}},"type":"binary-expr","locations":[{"start":{"line":18,"column":15},"end":{"line":18,"column":33}},{"start":{"line":18,"column":37},"end":{"line":18,"column":76}}],"line":18},"4":{"loc":{"start":{"line":28,"column":4},"end":{"line":33,"column":5}},"type":"if","locations":[{"start":{"line":28,"column":4},"end":{"line":33,"column":5}},{"start":{},"end":{}}],"line":28},"5":{"loc":{"start":{"line":31,"column":15},"end":{"line":31,"column":78}},"type":"binary-expr","locations":[{"start":{"line":31,"column":15},"end":{"line":31,"column":34}},{"start":{"line":31,"column":38},"end":{"line":31,"column":78}}],"line":31}},"s":{"0":1,"1":3,"2":1,"3":2,"4":2,"5":1,"6":1,"7":1,"8":0,"9":1},"f":{"0":3},"b":{"0":[1,2],"1":[3,2],"2":[1,1],"3":[1,0],"4":[0,1],"5":[0,0]},"_coverageSchema":"1a1c01bbd47fc00a2c39e90264f33305004495a9","hash":"d0b05482b690fc1b3484407ab29879cfec6ace35"}
,"C:\\Users\\josec\\OneDrive\\Desktop\\Clases\\IDGS10-1\\INTEGRADORA\\FINAL\\NutriU_Movil\\src\\services\\routineService.ts": {"path":"C:\\Users\\josec\\OneDrive\\Desktop\\Clases\\IDGS10-1\\INTEGRADORA\\FINAL\\NutriU_Movil\\src\\services\\routineService.ts","statementMap":{"0":{"start":{"line":3,"column":30},"end":{"line":241,"column":1}},"1":{"start":{"line":8,"column":4},"end":{"line":13,"column":5}},"2":{"start":{"line":9,"column":6},"end":{"line":11,"column":8}},"3":{"start":{"line":12,"column":6},"end":{"line":12,"column":61}},"4":{"start":{"line":15,"column":4},"end":{"line":18,"column":6}},"5":{"start":{"line":20,"column":50},"end":{"line":25,"column":15}},"6":{"start":{"line":27,"column":4},"end":{"line":33,"column":5}},"7":{"start":{"line":28,"column":6},"end":{"line":31,"column":8}},"8":{"start":{"line":32,"column":6},"end":{"line":32,"column":77}},"9":{"start":{"line":35,"column":4},"end":{"line":38,"column":5}},"10":{"start":{"line":36,"column":6},"end":{"line":36,"column":71}},"11":{"start":{"line":37,"column":6},"end":{"line":37,"column":39}},"12":{"start":{"line":40,"column":21},"end":{"line":40,"column":41}},"13":{"start":{"line":41,"column":4},"end":{"line":44,"column":6}},"14":{"start":{"line":46,"column":28},"end":{"line":50,"column":42}},"15":{"start":{"line":52,"column":4},"end":{"line":57,"column":5}},"16":{"start":{"line":53,"column":6},"end":{"line":56,"column":8}},"17":{"start":{"line":59,"column":4},"end":{"line":59,"column":55}},"18":{"start":{"line":68,"column":4},"end":{"line":68,"column":78}},"19":{"start":{"line":69,"column":4},"end":{"line":69,"column":49}},"20":{"start":{"line":70,"column":4},"end":{"line":70,"column":51}},"21":{"start":{"line":72,"column":4},"end":{"line":76,"column":5}},"22":{"start":{"line":73,"column":21},"end":{"line":73,"column":46}},"23":{"start":{"line":74,"column":6},"end":{"line":74,"column":47}},"24":{"start":{"line":75,"column":6},"end":{"line":75,"column":43}},"25":{"start":{"line":78,"column":34},"end":{"line":78,"column":38}},"26":{"start":{"line":81,"column":4},"end":{"line":81,"column":67}},"27":{"start":{"line":82,"column":48},"end":{"line":87,"column":15}},"28":{"start":{"line":89,"column":4},"end":{"line":92,"column":5}},"29":{"start":{"line":90,"column":6},"end":{"line":90,"column":71}},"30":{"start":{"line":91,"column":6},"end":{"line":91,"column":67}},"31":{"start":{"line":94,"column":4},"end":{"line":133,"column":5}},"32":{"start":{"line":95,"column":6},"end":{"line":95,"column":38}},"33":{"start":{"line":96,"column":6},"end":{"line":96,"column":76}},"34":{"start":{"line":99,"column":6},"end":{"line":99,"column":62}},"35":{"start":{"line":100,"column":28},"end":{"line":107,"column":7}},"36":{"start":{"line":109,"column":6},"end":{"line":112,"column":8}},"37":{"start":{"line":114,"column":54},"end":{"line":118,"column":17}},"38":{"start":{"line":120,"column":6},"end":{"line":123,"column":7}},"39":{"start":{"line":121,"column":8},"end":{"line":121,"column":74}},"40":{"start":{"line":122,"column":8},"end":{"line":122,"column":73}},"41":{"start":{"line":125,"column":6},"end":{"line":129,"column":7}},"42":{"start":{"line":126,"column":20},"end":{"line":126,"column":61}},"43":{"start":{"line":127,"column":8},"end":{"line":127,"column":46}},"44":{"start":{"line":128,"column":8},"end":{"line":128,"column":42}},"45":{"start":{"line":131,"column":6},"end":{"line":131,"column":37}},"46":{"start":{"line":132,"column":6},"end":{"line":132,"column":72}},"47":{"start":{"line":136,"column":52},"end":{"line":141,"column":15}},"48":{"start":{"line":143,"column":20},"end":{"line":143,"column":21}},"49":{"start":{"line":144,"column":4},"end":{"line":150,"column":5}},"50":{"start":{"line":149,"column":6},"end":{"line":149,"column":56}},"51":{"start":{"line":153,"column":25},"end":{"line":153,"column":57}},"52":{"start":{"line":154,"column":23},"end":{"line":154,"column":54}},"53":{"start":{"line":156,"column":6},"end":{"line":158,"column":14}},"54":{"start":{"line":161,"column":29},"end":{"line":169,"column":5}},"55":{"start":{"line":171,"column":4},"end":{"line":174,"column":6}},"56":{"start":{"line":176,"column":51},"end":{"line":180,"column":15}},"57":{"start":{"line":182,"column":4},"end":{"line":185,"column":5}},"58":{"start":{"line":183,"column":6},"end":{"line":183,"column":79}},"59":{"start":{"line":184,"column":6},"end":{"line":184,"column":71}},"60":{"start":{"line":187,"column":4},"end":{"line":187,"column":72}},"61":{"start":{"line":188,"column":4},"end":{"line":188,"column":75}},"62":{"start":{"line":190,"column":4},"end":{"line":190,"column":43}},"63":{"start":{"line":197,"column":4},"end":{"line":197,"column":75}},"64":{"start":{"line":199,"column":22},"end":{"line":202,"column":39}},"65":{"start":{"line":204,"column":4},"end":{"line":207,"column":5}},"66":{"start":{"line":205,"column":6},"end":{"line":205,"column":54}},"67":{"start":{"line":206,"column":6},"end":{"line":206,"column":47}},"68":{"start":{"line":209,"column":4},"end":{"line":209,"column":56}},"69":{"start":{"line":210,"column":4},"end":{"line":210,"column":27}},"70":{"start":{"line":218,"column":4},"end":{"line":221,"column":5}},"71":{"start":{"line":219,"column":6},"end":{"line":219,"column":67}},"72":{"start":{"line":220,"column":6},"end":{"line":220,"column":61}},"73":{"start":{"line":223,"column":4},"end":{"line":239,"column":5}},"74":{"start":{"line":224,"column":30},"end":{"line":228,"column":44}},"75":{"start":{"line":230,"column":6},"end":{"line":233,"column":7}},"76":{"start":{"line":231,"column":8},"end":{"line":231,"column":76}},"77":{"start":{"line":232,"column":8},"end":{"line":232,"column":50}},"78":{"start":{"line":235,"column":6},"end":{"line":235,"column":35}},"79":{"start":{"line":237,"column":6},"end":{"line":237,"column":61}},"80":{"start":{"line":238,"column":6},"end":{"line":238,"column":53}}},"fnMap":{"0":{"name":"(anonymous_0)","decl":{"start":{"line":7,"column":30},"end":{"line":7,"column":31}},"loc":{"start":{"line":7,"column":62},"end":{"line":60,"column":3}},"line":7},"1":{"name":"(anonymous_1)","decl":{"start":{"line":67,"column":15},"end":{"line":67,"column":16}},"loc":{"start":{"line":67,"column":65},"end":{"line":191,"column":3}},"line":67},"2":{"name":"(anonymous_2)","decl":{"start":{"line":196,"column":18},"end":{"line":196,"column":19}},"loc":{"start":{"line":196,"column":50},"end":{"line":211,"column":3}},"line":196},"3":{"name":"(anonymous_3)","decl":{"start":{"line":217,"column":16},"end":{"line":217,"column":17}},"loc":{"start":{"line":217,"column":48},"end":{"line":240,"column":3}},"line":217}},"branchMap":{"0":{"loc":{"start":{"line":8,"column":4},"end":{"line":13,"column":5}},"type":"if","locations":[{"start":{"line":8,"column":4},"end":{"line":13,"column":5}},{"start":{},"end":{}}],"line":8},"1":{"loc":{"start":{"line":27,"column":4},"end":{"line":33,"column":5}},"type":"if","locations":[{"start":{"line":27,"column":4},"end":{"line":33,"column":5}},{"start":{},"end":{}}],"line":27},"2":{"loc":{"start":{"line":32,"column":32},"end":{"line":32,"column":74}},"type":"binary-expr","locations":[{"start":{"line":32,"column":32},"end":{"line":32,"column":51}},{"start":{"line":32,"column":55},"end":{"line":32,"column":74}}],"line":32},"3":{"loc":{"start":{"line":35,"column":4},"end":{"line":38,"column":5}},"type":"if","locations":[{"start":{"line":35,"column":4},"end":{"line":38,"column":5}},{"start":{},"end":{}}],"line":35},"4":{"loc":{"start":{"line":52,"column":4},"end":{"line":57,"column":5}},"type":"if","locations":[{"start":{"line":52,"column":4},"end":{"line":57,"column":5}},{"start":{},"end":{}}],"line":52},"5":{"loc":{"start":{"line":59,"column":19},"end":{"line":59,"column":29}},"type":"binary-expr","locations":[{"start":{"line":59,"column":19},"end":{"line":59,"column":23}},{"start":{"line":59,"column":27},"end":{"line":59,"column":29}}],"line":59},"6":{"loc":{"start":{"line":72,"column":4},"end":{"line":76,"column":5}},"type":"if","locations":[{"start":{"line":72,"column":4},"end":{"line":76,"column":5}},{"start":{},"end":{}}],"line":72},"7":{"loc":{"start":{"line":72,"column":8},"end":{"line":72,"column":42}},"type":"binary-expr","locations":[{"start":{"line":72,"column":8},"end":{"line":72,"column":20}},{"start":{"line":72,"column":24},"end":{"line":72,"column":42}}],"line":72},"8":{"loc":{"start":{"line":89,"column":4},"end":{"line":92,"column":5}},"type":"if","locations":[{"start":{"line":89,"column":4},"end":{"line":92,"column":5}},{"start":{},"end":{}}],"line":89},"9":{"loc":{"start":{"line":91,"column":34},"end":{"line":91,"column":64}},"type":"binary-expr","locations":[{"start":{"line":91,"column":34},"end":{"line":91,"column":51}},{"start":{"line":91,"column":55},"end":{"line":91,"column":64}}],"line":91},"10":{"loc":{"start":{"line":94,"column":4},"end":{"line":133,"column":5}},"type":"if","locations":[{"start":{"line":94,"column":4},"end":{"line":133,"column":5}},{"start":{"line":97,"column":11},"end":{"line":133,"column":5}}],"line":94},"11":{"loc":{"start":{"line":120,"column":6},"end":{"line":123,"column":7}},"type":"if","locations":[{"start":{"line":120,"column":6},"end":{"line":123,"column":7}},{"start":{},"end":{}}],"line":120},"12":{"loc":{"start":{"line":122,"column":36},"end":{"line":122,"column":70}},"type":"binary-expr","locations":[{"start":{"line":122,"column":36},"end":{"line":122,"column":55}},{"start":{"line":122,"column":59},"end":{"line":122,"column":70}}],"line":122},"13":{"loc":{"start":{"line":125,"column":6},"end":{"line":129,"column":7}},"type":"if","locations":[{"start":{"line":125,"column":6},"end":{"line":129,"column":7}},{"start":{},"end":{}}],"line":125},"14":{"loc":{"start":{"line":144,"column":4},"end":{"line":150,"column":5}},"type":"if","locations":[{"start":{"line":144,"column":4},"end":{"line":150,"column":5}},{"start":{},"end":{}}],"line":144},"15":{"loc":{"start":{"line":145,"column":6},"end":{"line":147,"column":35}},"type":"binary-expr","locations":[{"start":{"line":145,"column":6},"end":{"line":145,"column":15}},{"start":{"line":146,"column":6},"end":{"line":146,"column":30}},{"start":{"line":147,"column":6},"end":{"line":147,"column":35}}],"line":145},"16":{"loc":{"start":{"line":153,"column":25},"end":{"line":153,"column":57}},"type":"binary-expr","locations":[{"start":{"line":153,"column":25},"end":{"line":153,"column":52}},{"start":{"line":153,"column":56},"end":{"line":153,"column":57}}],"line":153},"17":{"loc":{"start":{"line":154,"column":23},"end":{"line":154,"column":54}},"type":"binary-expr","locations":[{"start":{"line":154,"column":23},"end":{"line":154,"column":48}},{"start":{"line":154,"column":52},"end":{"line":154,"column":54}}],"line":154},"18":{"loc":{"start":{"line":156,"column":6},"end":{"line":158,"column":14}},"type":"cond-expr","locations":[{"start":{"line":157,"column":10},"end":{"line":157,"column":50}},{"start":{"line":158,"column":10},"end":{"line":158,"column":14}}],"line":156},"19":{"loc":{"start":{"line":156,"column":6},"end":{"line":156,"column":62}},"type":"binary-expr","locations":[{"start":{"line":156,"column":6},"end":{"line":156,"column":27}},{"start":{"line":156,"column":31},"end":{"line":156,"column":62}}],"line":156},"20":{"loc":{"start":{"line":182,"column":4},"end":{"line":185,"column":5}},"type":"if","locations":[{"start":{"line":182,"column":4},"end":{"line":185,"column":5}},{"start":{},"end":{}}],"line":182},"21":{"loc":{"start":{"line":184,"column":34},"end":{"line":184,"column":68}},"type":"binary-expr","locations":[{"start":{"line":184,"column":34},"end":{"line":184,"column":53}},{"start":{"line":184,"column":57},"end":{"line":184,"column":68}}],"line":184},"22":{"loc":{"start":{"line":204,"column":4},"end":{"line":207,"column":5}},"type":"if","locations":[{"start":{"line":204,"column":4},"end":{"line":207,"column":5}},{"start":{},"end":{}}],"line":204},"23":{"loc":{"start":{"line":206,"column":22},"end":{"line":206,"column":44}},"type":"binary-expr","locations":[{"start":{"line":206,"column":22},"end":{"line":206,"column":35}},{"start":{"line":206,"column":39},"end":{"line":206,"column":44}}],"line":206},"24":{"loc":{"start":{"line":218,"column":4},"end":{"line":221,"column":5}},"type":"if","locations":[{"start":{"line":218,"column":4},"end":{"line":221,"column":5}},{"start":{},"end":{}}],"line":218},"25":{"loc":{"start":{"line":230,"column":6},"end":{"line":233,"column":7}},"type":"if","locations":[{"start":{"line":230,"column":6},"end":{"line":233,"column":7}},{"start":{},"end":{}}],"line":230}},"s":{"0":1,"1":1,"2":1,"3":1,"4":0,"5":0,"6":0,"7":0,"8":0,"9":0,"10":0,"11":0,"12":0,"13":0,"14":0,"15":0,"16":0,"17":0,"18":1,"19":1,"20":1,"21":1,"22":1,"23":1,"24":1,"25":0,"26":0,"27":0,"28":0,"29":0,"30":0,"31":0,"32":0,"33":0,"34":0,"35":0,"36":0,"37":0,"38":0,"39":0,"40":0,"41":0,"42":0,"43":0,"44":0,"45":0,"46":0,"47":0,"48":0,"49":0,"50":0,"51":0,"52":0,"53":0,"54":0,"55":0,"56":0,"57":0,"58":0,"59":0,"60":0,"61":0,"62":0,"63":0,"64":0,"65":0,"66":0,"67":0,"68":0,"69":0,"70":0,"71":0,"72":0,"73":0,"74":0,"75":0,"76":0,"77":0,"78":0,"79":0,"80":0},"f":{"0":1,"1":1,"2":0,"3":0},"b":{"0":[1,0],"1":[0,0],"2":[0,0],"3":[0,0],"4":[0,0],"5":[0,0],"6":[1,0],"7":[1,0],"8":[0,0],"9":[0,0],"10":[0,0],"11":[0,0],"12":[0,0],"13":[0,0],"14":[0,0],"15":[0,0,0],"16":[0,0],"17":[0,0],"18":[0,0],"19":[0,0],"20":[0,0],"21":[0,0],"22":[0,0],"23":[0,0],"24":[0,0],"25":[0,0]},"_coverageSchema":"1a1c01bbd47fc00a2c39e90264f33305004495a9","hash":"a1fa3aeb0b1a2632d2064a6e5ba161df9c74bacd"}
,"C:\\Users\\josec\\OneDrive\\Desktop\\Clases\\IDGS10-1\\INTEGRADORA\\FINAL\\NutriU_Movil\\src\\utils\\NetworkHandler.tsx": {"path":"C:\\Users\\josec\\OneDrive\\Desktop\\Clases\\IDGS10-1\\INTEGRADORA\\FINAL\\NutriU_Movil\\src\\utils\\NetworkHandler.tsx","statementMap":{"0":{"start":{"line":14,"column":23},"end":{"line":14,"column":79}},"1":{"start":{"line":16,"column":72},"end":{"line":163,"column":1}},"2":{"start":{"line":17,"column":36},"end":{"line":17,"column":51}},"3":{"start":{"line":18,"column":50},"end":{"line":18,"column":65}},"4":{"start":{"line":19,"column":36},"end":{"line":19,"column":77}},"5":{"start":{"line":20,"column":29},"end":{"line":20,"column":57}},"6":{"start":{"line":21,"column":26},"end":{"line":21,"column":65}},"7":{"start":{"line":22,"column":23},"end":{"line":22,"column":60}},"8":{"start":{"line":23,"column":25},"end":{"line":23,"column":75}},"9":{"start":{"line":25,"column":28},"end":{"line":46,"column":3}},"10":{"start":{"line":26,"column":4},"end":{"line":29,"column":5}},"11":{"start":{"line":27,"column":6},"end":{"line":27,"column":43}},"12":{"start":{"line":28,"column":6},"end":{"line":28,"column":36}},"13":{"start":{"line":31,"column":4},"end":{"line":31,"column":28}},"14":{"start":{"line":32,"column":4},"end":{"line":32,"column":30}},"15":{"start":{"line":34,"column":4},"end":{"line":45,"column":15}},"16":{"start":{"line":48,"column":34},"end":{"line":87,"column":3}},"17":{"start":{"line":49,"column":4},"end":{"line":52,"column":5}},"18":{"start":{"line":50,"column":6},"end":{"line":50,"column":43}},"19":{"start":{"line":51,"column":6},"end":{"line":51,"column":36}},"20":{"start":{"line":54,"column":4},"end":{"line":54,"column":27}},"21":{"start":{"line":55,"column":4},"end":{"line":55,"column":30}},"22":{"start":{"line":57,"column":4},"end":{"line":68,"column":15}},"23":{"start":{"line":70,"column":4},"end":{"line":86,"column":13}},"24":{"start":{"line":71,"column":6},"end":{"line":85,"column":9}},"25":{"start":{"line":83,"column":8},"end":{"line":83,"column":35}},"26":{"start":{"line":84,"column":8},"end":{"line":84,"column":38}},"27":{"start":{"line":89,"column":2},"end":{"line":113,"column":9}},"28":{"start":{"line":90,"column":24},"end":{"line":105,"column":6}},"29":{"start":{"line":91,"column":25},"end":{"line":91,"column":74}},"30":{"start":{"line":92,"column":25},"end":{"line":92,"column":51}},"31":{"start":{"line":94,"column":6},"end":{"line":94,"column":31}},"32":{"start":{"line":96,"column":6},"end":{"line":98,"column":7}},"33":{"start":{"line":97,"column":8},"end":{"line":97,"column":28}},"34":{"start":{"line":100,"column":6},"end":{"line":102,"column":7}},"35":{"start":{"line":101,"column":8},"end":{"line":101,"column":34}},"36":{"start":{"line":104,"column":6},"end":{"line":104,"column":46}},"37":{"start":{"line":107,"column":4},"end":{"line":112,"column":6}},"38":{"start":{"line":108,"column":6},"end":{"line":110,"column":7}},"39":{"start":{"line":109,"column":8},"end":{"line":109,"column":45}},"40":{"start":{"line":111,"column":6},"end":{"line":111,"column":20}},"41":{"start":{"line":115,"column":20},"end":{"line":121,"column":3}},"42":{"start":{"line":116,"column":4},"end":{"line":120,"column":5}},"43":{"start":{"line":117,"column":6},"end":{"line":117,"column":60}},"44":{"start":{"line":119,"column":6},"end":{"line":119,"column":63}},"45":{"start":{"line":123,"column":24},"end":{"line":131,"column":3}},"46":{"start":{"line":124,"column":4},"end":{"line":130,"column":5}},"47":{"start":{"line":125,"column":19},"end":{"line":125,"column":50}},"48":{"start":{"line":126,"column":6},"end":{"line":126,"column":44}},"49":{"start":{"line":128,"column":6},"end":{"line":128,"column":66}},"50":{"start":{"line":129,"column":6},"end":{"line":129,"column":18}},"51":{"start":{"line":133,"column":24},"end":{"line":135,"column":3}},"52":{"start":{"line":134,"column":4},"end":{"line":134,"column":24}},"53":{"start":{"line":137,"column":2},"end":{"line":162,"column":4}},"54":{"start":{"line":165,"column":26},"end":{"line":171,"column":1}},"55":{"start":{"line":166,"column":18},"end":{"line":166,"column":44}},"56":{"start":{"line":167,"column":2},"end":{"line":169,"column":3}},"57":{"start":{"line":168,"column":4},"end":{"line":168,"column":72}},"58":{"start":{"line":170,"column":2},"end":{"line":170,"column":17}},"59":{"start":{"line":173,"column":15},"end":{"line":199,"column":2}}},"fnMap":{"0":{"name":"(anonymous_0)","decl":{"start":{"line":16,"column":72},"end":{"line":16,"column":73}},"loc":{"start":{"line":16,"column":90},"end":{"line":163,"column":1}},"line":16},"1":{"name":"(anonymous_1)","decl":{"start":{"line":25,"column":28},"end":{"line":25,"column":29}},"loc":{"start":{"line":25,"column":34},"end":{"line":46,"column":3}},"line":25},"2":{"name":"(anonymous_2)","decl":{"start":{"line":48,"column":34},"end":{"line":48,"column":35}},"loc":{"start":{"line":48,"column":40},"end":{"line":87,"column":3}},"line":48},"3":{"name":"(anonymous_3)","decl":{"start":{"line":70,"column":40},"end":{"line":70,"column":41}},"loc":{"start":{"line":70,"column":46},"end":{"line":86,"column":5}},"line":70},"4":{"name":"(anonymous_4)","decl":{"start":{"line":82,"column":15},"end":{"line":82,"column":16}},"loc":{"start":{"line":82,"column":21},"end":{"line":85,"column":7}},"line":82},"5":{"name":"(anonymous_5)","decl":{"start":{"line":89,"column":12},"end":{"line":89,"column":13}},"loc":{"start":{"line":89,"column":18},"end":{"line":113,"column":3}},"line":89},"6":{"name":"(anonymous_6)","decl":{"start":{"line":90,"column":49},"end":{"line":90,"column":50}},"loc":{"start":{"line":90,"column":60},"end":{"line":105,"column":5}},"line":90},"7":{"name":"(anonymous_7)","decl":{"start":{"line":107,"column":11},"end":{"line":107,"column":12}},"loc":{"start":{"line":107,"column":17},"end":{"line":112,"column":5}},"line":107},"8":{"name":"(anonymous_8)","decl":{"start":{"line":115,"column":20},"end":{"line":115,"column":21}},"loc":{"start":{"line":115,"column":54},"end":{"line":121,"column":3}},"line":115},"9":{"name":"(anonymous_9)","decl":{"start":{"line":123,"column":24},"end":{"line":123,"column":25}},"loc":{"start":{"line":123,"column":47},"end":{"line":131,"column":3}},"line":123},"10":{"name":"(anonymous_10)","decl":{"start":{"line":133,"column":24},"end":{"line":133,"column":25}},"loc":{"start":{"line":133,"column":30},"end":{"line":135,"column":3}},"line":133},"11":{"name":"(anonymous_11)","decl":{"start":{"line":165,"column":26},"end":{"line":165,"column":27}},"loc":{"start":{"line":165,"column":32},"end":{"line":171,"column":1}},"line":165}},"branchMap":{"0":{"loc":{"start":{"line":26,"column":4},"end":{"line":29,"column":5}},"type":"if","locations":[{"start":{"line":26,"column":4},"end":{"line":29,"column":5}},{"start":{},"end":{}}],"line":26},"1":{"loc":{"start":{"line":49,"column":4},"end":{"line":52,"column":5}},"type":"if","locations":[{"start":{"line":49,"column":4},"end":{"line":52,"column":5}},{"start":{},"end":{}}],"line":49},"2":{"loc":{"start":{"line":91,"column":27},"end":{"line":91,"column":73}},"type":"binary-expr","locations":[{"start":{"line":91,"column":27},"end":{"line":91,"column":44}},{"start":{"line":91,"column":48},"end":{"line":91,"column":73}}],"line":91},"3":{"loc":{"start":{"line":96,"column":6},"end":{"line":98,"column":7}},"type":"if","locations":[{"start":{"line":96,"column":6},"end":{"line":98,"column":7}},{"start":{},"end":{}}],"line":96},"4":{"loc":{"start":{"line":96,"column":10},"end":{"line":96,"column":43}},"type":"binary-expr","locations":[{"start":{"line":96,"column":10},"end":{"line":96,"column":20}},{"start":{"line":96,"column":24},"end":{"line":96,"column":43}}],"line":96},"5":{"loc":{"start":{"line":100,"column":6},"end":{"line":102,"column":7}},"type":"if","locations":[{"start":{"line":100,"column":6},"end":{"line":102,"column":7}},{"start":{},"end":{}}],"line":100},"6":{"loc":{"start":{"line":100,"column":10},"end":{"line":100,"column":44}},"type":"binary-expr","locations":[{"start":{"line":100,"column":10},"end":{"line":100,"column":21}},{"start":{"line":100,"column":25},"end":{"line":100,"column":44}}],"line":100},"7":{"loc":{"start":{"line":108,"column":6},"end":{"line":110,"column":7}},"type":"if","locations":[{"start":{"line":108,"column":6},"end":{"line":110,"column":7}},{"start":{},"end":{}}],"line":108},"8":{"loc":{"start":{"line":126,"column":13},"end":{"line":126,"column":43}},"type":"cond-expr","locations":[{"start":{"line":126,"column":20},"end":{"line":126,"column":36}},{"start":{"line":126,"column":39},"end":{"line":126,"column":43}}],"line":126},"9":{"loc":{"start":{"line":139,"column":7},"end":{"line":159,"column":7}},"type":"binary-expr","locations":[{"start":{"line":139,"column":7},"end":{"line":139,"column":23}},{"start":{"line":140,"column":8},"end":{"line":158,"column":24}}],"line":139},"10":{"loc":{"start":{"line":143,"column":12},"end":{"line":143,"column":78}},"type":"cond-expr","locations":[{"start":{"line":143,"column":38},"end":{"line":143,"column":57}},{"start":{"line":143,"column":60},"end":{"line":143,"column":78}}],"line":143},"11":{"loc":{"start":{"line":151,"column":18},"end":{"line":151,"column":90}},"type":"cond-expr","locations":[{"start":{"line":151,"column":44},"end":{"line":151,"column":67}},{"start":{"line":151,"column":70},"end":{"line":151,"column":90}}],"line":151},"12":{"loc":{"start":{"line":156,"column":13},"end":{"line":156,"column":106}},"type":"cond-expr","locations":[{"start":{"line":156,"column":39},"end":{"line":156,"column":71}},{"start":{"line":156,"column":74},"end":{"line":156,"column":106}}],"line":156},"13":{"loc":{"start":{"line":167,"column":2},"end":{"line":169,"column":3}},"type":"if","locations":[{"start":{"line":167,"column":2},"end":{"line":169,"column":3}},{"start":{},"end":{}}],"line":167},"14":{"loc":{"start":{"line":176,"column":9},"end":{"line":176,"column":76}},"type":"cond-expr","locations":[{"start":{"line":176,"column":37},"end":{"line":176,"column":71}},{"start":{"line":176,"column":74},"end":{"line":176,"column":76}}],"line":176},"15":{"loc":{"start":{"line":176,"column":38},"end":{"line":176,"column":66}},"type":"binary-expr","locations":[{"start":{"line":176,"column":38},"end":{"line":176,"column":61}},{"start":{"line":176,"column":65},"end":{"line":176,"column":66}}],"line":176}},"s":{"0":0,"1":0,"2":0,"3":0,"4":0,"5":0,"6":0,"7":0,"8":0,"9":0,"10":0,"11":0,"12":0,"13":0,"14":0,"15":0,"16":0,"17":0,"18":0,"19":0,"20":0,"21":0,"22":0,"23":0,"24":0,"25":0,"26":0,"27":0,"28":0,"29":0,"30":0,"31":0,"32":0,"33":0,"34":0,"35":0,"36":0,"37":0,"38":0,"39":0,"40":0,"41":0,"42":0,"43":0,"44":0,"45":0,"46":0,"47":0,"48":0,"49":0,"50":0,"51":0,"52":0,"53":0,"54":0,"55":0,"56":0,"57":0,"58":0,"59":0},"f":{"0":0,"1":0,"2":0,"3":0,"4":0,"5":0,"6":0,"7":0,"8":0,"9":0,"10":0,"11":0},"b":{"0":[0,0],"1":[0,0],"2":[0,0],"3":[0,0],"4":[0,0],"5":[0,0],"6":[0,0],"7":[0,0],"8":[0,0],"9":[0,0],"10":[0,0],"11":[0,0],"12":[0,0],"13":[0,0],"14":[0,0],"15":[0,0]}}
,"C:\\Users\\josec\\OneDrive\\Desktop\\Clases\\IDGS10-1\\INTEGRADORA\\FINAL\\NutriU_Movil\\src\\utils\\cache.ts": {"path":"C:\\Users\\josec\\OneDrive\\Desktop\\Clases\\IDGS10-1\\INTEGRADORA\\FINAL\\NutriU_Movil\\src\\utils\\cache.ts","statementMap":{"0":{"start":{"line":3,"column":21},"end":{"line":3,"column":36}},"1":{"start":{"line":4,"column":18},"end":{"line":4,"column":31}},"2":{"start":{"line":6,"column":24},"end":{"line":16,"column":1}},"3":{"start":{"line":7,"column":2},"end":{"line":15,"column":3}},"4":{"start":{"line":8,"column":17},"end":{"line":11,"column":5}},"5":{"start":{"line":12,"column":4},"end":{"line":12,"column":73}},"6":{"start":{"line":14,"column":4},"end":{"line":14,"column":46}},"7":{"start":{"line":18,"column":24},"end":{"line":36,"column":1}},"8":{"start":{"line":19,"column":2},"end":{"line":35,"column":3}},"9":{"start":{"line":20,"column":17},"end":{"line":20,"column":63}},"10":{"start":{"line":21,"column":4},"end":{"line":21,"column":27}},"11":{"start":{"line":21,"column":15},"end":{"line":21,"column":27}},"12":{"start":{"line":23,"column":17},"end":{"line":23,"column":33}},"13":{"start":{"line":24,"column":16},"end":{"line":24,"column":43}},"14":{"start":{"line":26,"column":4},"end":{"line":29,"column":5}},"15":{"start":{"line":27,"column":6},"end":{"line":27,"column":56}},"16":{"start":{"line":28,"column":6},"end":{"line":28,"column":18}},"17":{"start":{"line":31,"column":4},"end":{"line":31,"column":22}},"18":{"start":{"line":33,"column":4},"end":{"line":33,"column":44}},"19":{"start":{"line":34,"column":4},"end":{"line":34,"column":16}},"20":{"start":{"line":38,"column":27},"end":{"line":40,"column":1}},"21":{"start":{"line":39,"column":2},"end":{"line":39,"column":52}},"22":{"start":{"line":42,"column":29},"end":{"line":46,"column":1}},"23":{"start":{"line":43,"column":15},"end":{"line":43,"column":46}},"24":{"start":{"line":44,"column":20},"end":{"line":44,"column":64}},"25":{"start":{"line":44,"column":37},"end":{"line":44,"column":63}},"26":{"start":{"line":45,"column":2},"end":{"line":45,"column":44}}},"fnMap":{"0":{"name":"(anonymous_0)","decl":{"start":{"line":6,"column":24},"end":{"line":6,"column":25}},"loc":{"start":{"line":6,"column":59},"end":{"line":16,"column":1}},"line":6},"1":{"name":"(anonymous_1)","decl":{"start":{"line":18,"column":24},"end":{"line":18,"column":25}},"loc":{"start":{"line":18,"column":47},"end":{"line":36,"column":1}},"line":18},"2":{"name":"(anonymous_2)","decl":{"start":{"line":38,"column":27},"end":{"line":38,"column":28}},"loc":{"start":{"line":38,"column":50},"end":{"line":40,"column":1}},"line":38},"3":{"name":"(anonymous_3)","decl":{"start":{"line":42,"column":29},"end":{"line":42,"column":30}},"loc":{"start":{"line":42,"column":41},"end":{"line":46,"column":1}},"line":42},"4":{"name":"(anonymous_4)","decl":{"start":{"line":44,"column":32},"end":{"line":44,"column":33}},"loc":{"start":{"line":44,"column":37},"end":{"line":44,"column":63}},"line":44}},"branchMap":{"0":{"loc":{"start":{"line":21,"column":4},"end":{"line":21,"column":27}},"type":"if","locations":[{"start":{"line":21,"column":4},"end":{"line":21,"column":27}},{"start":{},"end":{}}],"line":21},"1":{"loc":{"start":{"line":26,"column":4},"end":{"line":29,"column":5}},"type":"if","locations":[{"start":{"line":26,"column":4},"end":{"line":29,"column":5}},{"start":{},"end":{}}],"line":26}},"s":{"0":1,"1":1,"2":1,"3":4,"4":4,"5":4,"6":0,"7":1,"8":4,"9":4,"10":4,"11":3,"12":1,"13":1,"14":1,"15":0,"16":0,"17":1,"18":0,"19":0,"20":1,"21":1,"22":1,"23":1,"24":1,"25":3,"26":1},"f":{"0":4,"1":4,"2":1,"3":1,"4":3},"b":{"0":[3,1],"1":[0,1]},"_coverageSchema":"1a1c01bbd47fc00a2c39e90264f33305004495a9","hash":"eba13fa6a561f86e76993bfe6c26bc486b11f5f0"}
,"C:\\Users\\josec\\OneDrive\\Desktop\\Clases\\IDGS10-1\\INTEGRADORA\\FINAL\\NutriU_Movil\\src\\utils\\offlineCache.ts": {"path":"C:\\Users\\josec\\OneDrive\\Desktop\\Clases\\IDGS10-1\\INTEGRADORA\\FINAL\\NutriU_Movil\\src\\utils\\offlineCache.ts","statementMap":{"0":{"start":{"line":3,"column":27},"end":{"line":10,"column":1}},"1":{"start":{"line":4,"column":2},"end":{"line":9,"column":3}},"2":{"start":{"line":5,"column":22},"end":{"line":5,"column":43}},"3":{"start":{"line":6,"column":4},"end":{"line":6,"column":47}},"4":{"start":{"line":8,"column":4},"end":{"line":8,"column":46}},"5":{"start":{"line":12,"column":28},"end":{"line":20,"column":1}},"6":{"start":{"line":13,"column":2},"end":{"line":19,"column":3}},"7":{"start":{"line":14,"column":22},"end":{"line":14,"column":53}},"8":{"start":{"line":15,"column":4},"end":{"line":15,"column":60}},"9":{"start":{"line":17,"column":4},"end":{"line":17,"column":49}},"10":{"start":{"line":18,"column":4},"end":{"line":18,"column":16}},"11":{"start":{"line":22,"column":31},"end":{"line":28,"column":1}},"12":{"start":{"line":23,"column":2},"end":{"line":27,"column":3}},"13":{"start":{"line":24,"column":4},"end":{"line":24,"column":39}},"14":{"start":{"line":26,"column":4},"end":{"line":26,"column":50}}},"fnMap":{"0":{"name":"(anonymous_0)","decl":{"start":{"line":3,"column":27},"end":{"line":3,"column":28}},"loc":{"start":{"line":3,"column":62},"end":{"line":10,"column":1}},"line":3},"1":{"name":"(anonymous_1)","decl":{"start":{"line":12,"column":28},"end":{"line":12,"column":29}},"loc":{"start":{"line":12,"column":51},"end":{"line":20,"column":1}},"line":12},"2":{"name":"(anonymous_2)","decl":{"start":{"line":22,"column":31},"end":{"line":22,"column":32}},"loc":{"start":{"line":22,"column":54},"end":{"line":28,"column":1}},"line":22}},"branchMap":{"0":{"loc":{"start":{"line":15,"column":11},"end":{"line":15,"column":59}},"type":"cond-expr","locations":[{"start":{"line":15,"column":31},"end":{"line":15,"column":52}},{"start":{"line":15,"column":55},"end":{"line":15,"column":59}}],"line":15}},"s":{"0":1,"1":5,"2":5,"3":5,"4":0,"5":1,"6":4,"7":4,"8":4,"9":0,"10":0,"11":1,"12":1,"13":1,"14":0},"f":{"0":5,"1":4,"2":1},"b":{"0":[2,2]},"_coverageSchema":"1a1c01bbd47fc00a2c39e90264f33305004495a9","hash":"47b324e3088cd3880ac574d81b8780503c371d93"}
}
